{"/Users/tanjie/Desktop/Turing/Mod4/photo-hunt/src/App.vue": {"path":"/Users/tanjie/Desktop/Turing/Mod4/photo-hunt/src/App.vue","statementMap":{"0":{"start":{"line":11,"column":0},"end":{"line":null,"column":-1}},"1":{"start":{"line":13,"column":0},"end":{"line":null,"column":-1}},"2":{"start":{"line":14,"column":0},"end":{"line":null,"column":-1}},"3":{"start":{"line":15,"column":0},"end":{"line":null,"column":-1}},"4":{"start":{"line":23,"column":0},"end":{"line":null,"column":-1}},"5":{"start":{"line":29,"column":0},"end":{"line":null,"column":-1}},"6":{"start":{"line":31,"column":0},"end":{"line":42,"column":0}},"7":{"start":{"line":34,"column":0},"end":{"line":null,"column":-1}},"8":{"start":{"line":35,"column":0},"end":{"line":null,"column":-1}},"9":{"start":{"line":36,"column":0},"end":{"line":null,"column":-1}},"10":{"start":{"line":39,"column":0},"end":{"line":null,"column":-1}},"11":{"start":{"line":41,"column":0},"end":{"line":null,"column":-1}}},"fnMap":{"0":{"name":"(anonymous_1)","decl":{"start":{"line":23,"column":0},"end":{"line":null,"column":-1}},"loc":{"start":{"line":23,"column":0},"end":{"line":null,"column":-1}}},"1":{"name":"(anonymous_2)","decl":{"start":{"line":31,"column":0},"end":{"line":null,"column":-1}},"loc":{"start":{"line":31,"column":0},"end":{"line":37,"column":0}}},"2":{"name":"(anonymous_3)","decl":{"start":{"line":37,"column":0},"end":{"line":null,"column":-1}},"loc":{"start":{"line":37,"column":0},"end":{"line":42,"column":0}}}},"branchMap":{},"s":{"0":1,"1":1,"2":1,"3":1,"4":5,"5":3,"6":3,"7":3,"8":3,"9":3,"10":0,"11":0},"f":{"0":5,"1":3,"2":0},"b":{}}
,"/Users/tanjie/Desktop/Turing/Mod4/photo-hunt/src/router.js": {"path":"/Users/tanjie/Desktop/Turing/Mod4/photo-hunt/src/router.js","statementMap":{"0":{"start":{"line":1,"column":0},"end":{"line":null,"column":-1}},"1":{"start":{"line":2,"column":0},"end":{"line":null,"column":-1}},"2":{"start":{"line":5,"column":0},"end":{"line":null,"column":-1}},"3":{"start":{"line":7,"column":0},"end":{"line":null,"column":-1}}},"fnMap":{},"branchMap":{},"s":{"0":0,"1":0,"2":0,"3":0},"f":{},"b":{}}
,"/Users/tanjie/Desktop/Turing/Mod4/photo-hunt/src/api/apiKey.js": {"path":"/Users/tanjie/Desktop/Turing/Mod4/photo-hunt/src/api/apiKey.js","statementMap":{"0":{"start":{"line":2,"column":2},"end":{"line":2,"column":68}},"1":{"start":{"line":5,"column":2},"end":{"line":5,"column":68}}},"fnMap":{},"branchMap":{},"s":{"0":1,"1":1},"f":{},"b":{},"_coverageSchema":"332fd63041d2c1bcb487cc26dd0d5f7d97098a6c","hash":"c4040a00da9cdd5a39dee0eeeb90276e045bb47a"}
,"/Users/tanjie/Desktop/Turing/Mod4/photo-hunt/src/components/PhotoContainer.vue": {"path":"/Users/tanjie/Desktop/Turing/Mod4/photo-hunt/src/components/PhotoContainer.vue","statementMap":{"0":{"start":{"line":12,"column":0},"end":{"line":null,"column":-1}},"1":{"start":{"line":13,"column":0},"end":{"line":null,"column":-1}}},"fnMap":{},"branchMap":{},"s":{"0":2,"1":2},"f":{},"b":{}}
,"/Users/tanjie/Desktop/Turing/Mod4/photo-hunt/src/components/SearchForm.vue": {"path":"/Users/tanjie/Desktop/Turing/Mod4/photo-hunt/src/components/SearchForm.vue","statementMap":{"0":{"start":{"line":12,"column":0},"end":{"line":null,"column":-1}},"1":{"start":{"line":18,"column":0},"end":{"line":24,"column":0}},"2":{"start":{"line":19,"column":0},"end":{"line":null,"column":-1}},"3":{"start":{"line":20,"column":0},"end":{"line":null,"column":-1}},"4":{"start":{"line":21,"column":0},"end":{"line":null,"column":-1}},"5":{"start":{"line":23,"column":0},"end":{"line":null,"column":-1}}},"fnMap":{"0":{"name":"(anonymous_1)","decl":{"start":{"line":12,"column":0},"end":{"line":null,"column":-1}},"loc":{"start":{"line":12,"column":0},"end":{"line":null,"column":-1}}}},"branchMap":{"0":{"loc":{"start":{"line":18,"column":0},"end":{"line":24,"column":0}},"type":"if","locations":[{"start":{"line":18,"column":0},"end":{"line":24,"column":0}},{"start":{"line":18,"column":0},"end":{"line":24,"column":0}}]}},"s":{"0":8,"1":2,"2":0,"3":0,"4":0,"5":2},"f":{"0":8},"b":{"0":[0,2]}}
,"/Users/tanjie/Desktop/Turing/Mod4/photo-hunt/src/views/App.vue": {"path":"/Users/tanjie/Desktop/Turing/Mod4/photo-hunt/src/views/App.vue","statementMap":{"0":{"start":{"line":11,"column":0},"end":{"line":null,"column":-1}},"1":{"start":{"line":13,"column":0},"end":{"line":null,"column":-1}},"2":{"start":{"line":14,"column":0},"end":{"line":null,"column":-1}},"3":{"start":{"line":15,"column":0},"end":{"line":null,"column":-1}},"4":{"start":{"line":23,"column":0},"end":{"line":null,"column":-1}},"5":{"start":{"line":29,"column":0},"end":{"line":null,"column":-1}},"6":{"start":{"line":31,"column":0},"end":{"line":40,"column":0}},"7":{"start":{"line":34,"column":0},"end":{"line":null,"column":-1}},"8":{"start":{"line":35,"column":0},"end":{"line":null,"column":-1}},"9":{"start":{"line":36,"column":0},"end":{"line":null,"column":-1}},"10":{"start":{"line":39,"column":0},"end":{"line":null,"column":-1}}},"fnMap":{"0":{"name":"(anonymous_1)","decl":{"start":{"line":23,"column":0},"end":{"line":null,"column":-1}},"loc":{"start":{"line":23,"column":0},"end":{"line":null,"column":-1}}},"1":{"name":"(anonymous_2)","decl":{"start":{"line":31,"column":0},"end":{"line":null,"column":-1}},"loc":{"start":{"line":31,"column":0},"end":{"line":37,"column":0}}},"2":{"name":"(anonymous_3)","decl":{"start":{"line":37,"column":0},"end":{"line":null,"column":-1}},"loc":{"start":{"line":37,"column":0},"end":{"line":40,"column":0}}}},"branchMap":{},"s":{"0":0,"1":0,"2":0,"3":0,"4":0,"5":0,"6":0,"7":0,"8":0,"9":0,"10":0},"f":{"0":0,"1":0,"2":0},"b":{}}
}
