TN:
SF:/Users/tanjie/Desktop/Turing/Mod4/photo-hunt/src/App.vue
FN:23,(anonymous_1)
FN:31,(anonymous_2)
FN:37,(anonymous_3)
FNF:3
FNH:2
FNDA:5,(anonymous_1)
FNDA:3,(anonymous_2)
FNDA:0,(anonymous_3)
DA:11,1
DA:13,1
DA:14,1
DA:15,1
DA:23,5
DA:29,3
DA:31,3
DA:34,3
DA:35,3
DA:36,3
DA:39,0
DA:41,0
LF:12
LH:10
BRF:0
BRH:0
end_of_record
TN:
SF:/Users/tanjie/Desktop/Turing/Mod4/photo-hunt/src/router.js
FNF:0
FNH:0
DA:1,0
DA:2,0
DA:5,0
DA:7,0
LF:4
LH:0
BRF:0
BRH:0
end_of_record
TN:
SF:/Users/tanjie/Desktop/Turing/Mod4/photo-hunt/src/api/apiKey.js
FNF:0
FNH:0
DA:2,1
DA:5,1
LF:2
LH:2
BRF:0
BRH:0
end_of_record
TN:
SF:/Users/tanjie/Desktop/Turing/Mod4/photo-hunt/src/components/PhotoContainer.vue
FNF:0
FNH:0
DA:12,2
DA:13,2
LF:2
LH:2
BRF:0
BRH:0
end_of_record
TN:
SF:/Users/tanjie/Desktop/Turing/Mod4/photo-hunt/src/components/SearchForm.vue
FN:12,(anonymous_1)
FNF:1
FNH:1
FNDA:8,(anonymous_1)
DA:12,8
DA:18,2
DA:19,0
DA:20,0
DA:21,0
DA:23,2
LF:6
LH:3
BRDA:18,0,0,0
BRDA:18,0,1,2
BRF:2
BRH:1
end_of_record
TN:
SF:/Users/tanjie/Desktop/Turing/Mod4/photo-hunt/src/views/App.vue
FN:23,(anonymous_1)
FN:31,(anonymous_2)
FN:37,(anonymous_3)
FNF:3
FNH:0
FNDA:0,(anonymous_1)
FNDA:0,(anonymous_2)
FNDA:0,(anonymous_3)
DA:11,0
DA:13,0
DA:14,0
DA:15,0
DA:23,0
DA:29,0
DA:31,0
DA:34,0
DA:35,0
DA:36,0
DA:39,0
LF:11
LH:0
BRF:0
BRH:0
end_of_record
